[debug] [2025-10-03T21:56:43.431Z] ----------------------------------------------------------------------
[debug] [2025-10-03T21:56:43.435Z] Command:       /opt/homebrew/Cellar/node/24.8.0/bin/node /opt/homebrew/bin/firebase init
[debug] [2025-10-03T21:56:43.435Z] CLI Version:   14.18.0
[debug] [2025-10-03T21:56:43.435Z] Platform:      darwin
[debug] [2025-10-03T21:56:43.435Z] Node Version:  v24.8.0
[debug] [2025-10-03T21:56:43.435Z] Time:          Fri Oct 03 2025 17:56:43 GMT-0400 (Eastern Daylight Time)
[debug] [2025-10-03T21:56:43.435Z] ----------------------------------------------------------------------
[debug] 
[debug] [2025-10-03T21:56:43.440Z] > command requires scopes: ["email","openid","https://www.googleapis.com/auth/cloudplatformprojects.readonly","https://www.googleapis.com/auth/firebase","https://www.googleapis.com/auth/cloud-platform"]
[debug] [2025-10-03T21:56:43.440Z] > authorizing via signed-in user (autreyj2793@gmail.com)
[info] 
     ######## #### ########  ######## ########     ###     ######  ########
     ##        ##  ##     ## ##       ##     ##  ##   ##  ##       ##
     ######    ##  ########  ######   ########  #########  ######  ######
     ##        ##  ##    ##  ##       ##     ## ##     ##       ## ##
     ##       #### ##     ## ######## ########  ##     ##  ######  ########

You're about to initialize a Firebase project in this directory:

  /Users/saintaugustine/my-first-mvp

[info] 
=== Project Setup
[info] 
[info] First, let's associate this project directory with a Firebase project.
[info] You can create multiple project aliases by running firebase use --add, 
[info] but for now we'll just set up a default project.
[info] 
[debug] [2025-10-03T21:56:56.473Z] Using project from CLI flag: toknxr-mvp
[debug] [2025-10-03T21:56:56.474Z] Checked if tokens are valid: true, expires at: 1759530771070
[debug] [2025-10-03T21:56:56.474Z] Checked if tokens are valid: true, expires at: 1759530771070
[debug] [2025-10-03T21:56:56.476Z] >>> [apiv2][query] GET https://firebase.googleapis.com/v1beta1/projects/toknxr-mvp [none]
[debug] [2025-10-03T21:56:59.555Z] <<< [apiv2][status] GET https://firebase.googleapis.com/v1beta1/projects/toknxr-mvp 200
[debug] [2025-10-03T21:56:59.555Z] <<< [apiv2][body] GET https://firebase.googleapis.com/v1beta1/projects/toknxr-mvp {"projectId":"toknxr-mvp","projectNumber":"109773731445","displayName":"ToknXR","name":"projects/toknxr-mvp","resources":{"hostingSite":"toknxr-mvp"},"state":"ACTIVE","etag":"1_770035ae-d2ed-49c4-aab4-6018d62928ba"}
[info] i  Using project toknxr-mvp (ToknXR) 
[info] 
=== App Hosting Setup
[debug] [2025-10-03T21:56:59.887Z] Checked if tokens are valid: true, expires at: 1759530771070
[debug] [2025-10-03T21:56:59.887Z] Checked if tokens are valid: true, expires at: 1759530771070
[debug] [2025-10-03T21:56:59.887Z] >>> [apiv2][query] GET https://cloudbilling.googleapis.com/v1/projects/toknxr-mvp/billingInfo [none]
[debug] [2025-10-03T21:57:00.039Z] <<< [apiv2][status] GET https://cloudbilling.googleapis.com/v1/projects/toknxr-mvp/billingInfo 200
[debug] [2025-10-03T21:57:00.039Z] <<< [apiv2][body] GET https://cloudbilling.googleapis.com/v1/projects/toknxr-mvp/billingInfo {"name":"projects/toknxr-mvp/billingInfo","projectId":"toknxr-mvp","billingAccountName":"billingAccounts/016225-56AFCC-6ED361","billingEnabled":true}
[debug] [2025-10-03T21:57:00.042Z] Checked if tokens are valid: true, expires at: 1759530771070
[debug] [2025-10-03T21:57:00.043Z] Checked if tokens are valid: true, expires at: 1759530771070
[debug] [2025-10-03T21:57:00.043Z] >>> [apiv2][query] POST https://iam.googleapis.com/v1/projects/toknxr-mvp/serviceAccounts/firebase-app-hosting-compute@toknxr-mvp.iam.gserviceaccount.com:testIamPermissions [none]
[debug] [2025-10-03T21:57:00.043Z] >>> [apiv2][(partial)header] POST https://iam.googleapis.com/v1/projects/toknxr-mvp/serviceAccounts/firebase-app-hosting-compute@toknxr-mvp.iam.gserviceaccount.com:testIamPermissions x-goog-quota-user=projects/toknxr-mvp
[debug] [2025-10-03T21:57:00.043Z] >>> [apiv2][body] POST https://iam.googleapis.com/v1/projects/toknxr-mvp/serviceAccounts/firebase-app-hosting-compute@toknxr-mvp.iam.gserviceaccount.com:testIamPermissions {"permissions":["iam.serviceAccounts.actAs"]}
[debug] [2025-10-03T21:57:00.194Z] <<< [apiv2][status] POST https://iam.googleapis.com/v1/projects/toknxr-mvp/serviceAccounts/firebase-app-hosting-compute@toknxr-mvp.iam.gserviceaccount.com:testIamPermissions 200
[debug] [2025-10-03T21:57:00.194Z] <<< [apiv2][body] POST https://iam.googleapis.com/v1/projects/toknxr-mvp/serviceAccounts/firebase-app-hosting-compute@toknxr-mvp.iam.gserviceaccount.com:testIamPermissions {"permissions":["iam.serviceAccounts.actAs"]}
[debug] [2025-10-03T21:57:00.195Z] Checked if tokens are valid: true, expires at: 1759530771070
[debug] [2025-10-03T21:57:00.195Z] Checked if tokens are valid: true, expires at: 1759530771070
[debug] [2025-10-03T21:57:00.195Z] >>> [apiv2][query] POST https://iam.googleapis.com/v1/projects/toknxr-mvp/serviceAccounts [none]
[debug] [2025-10-03T21:57:00.195Z] >>> [apiv2][body] POST https://iam.googleapis.com/v1/projects/toknxr-mvp/serviceAccounts {"accountId":"firebase-app-hosting-compute","serviceAccount":{"displayName":"Firebase App Hosting compute service account","description":"Default service account used to run builds and deploys for Firebase App Hosting"}}
[debug] [2025-10-03T21:57:00.537Z] <<< [apiv2][status] POST https://iam.googleapis.com/v1/projects/toknxr-mvp/serviceAccounts 409
[debug] [2025-10-03T21:57:00.537Z] <<< [apiv2][body] POST https://iam.googleapis.com/v1/projects/toknxr-mvp/serviceAccounts [omitted]
[debug] [2025-10-03T21:57:00.539Z] Checked if tokens are valid: true, expires at: 1759530771070
[debug] [2025-10-03T21:57:00.539Z] Checked if tokens are valid: true, expires at: 1759530771070
[debug] [2025-10-03T21:57:00.539Z] >>> [apiv2][query] POST https://cloudresourcemanager.googleapis.com/v1/projects/toknxr-mvp:getIamPolicy [none]
[debug] [2025-10-03T21:57:00.737Z] <<< [apiv2][status] POST https://cloudresourcemanager.googleapis.com/v1/projects/toknxr-mvp:getIamPolicy 200
[debug] [2025-10-03T21:57:00.737Z] <<< [apiv2][body] POST https://cloudresourcemanager.googleapis.com/v1/projects/toknxr-mvp:getIamPolicy {"version":1,"etag":"BwZASCvijrg=","bindings":[{"role":"roles/cloudaicompanion.serviceAgent","members":["serviceAccount:service-109773731445@gcp-sa-cloudaicompanion.iam.gserviceaccount.com"]},{"role":"roles/cloudbuild.builds.builder","members":["serviceAccount:109773731445@cloudbuild.gserviceaccount.com"]},{"role":"roles/cloudbuild.serviceAgent","members":["serviceAccount:service-109773731445@gcp-sa-cloudbuild.iam.gserviceaccount.com"]},{"role":"roles/cloudfunctions.serviceAgent","members":["serviceAccount:service-109773731445@gcf-admin-robot.iam.gserviceaccount.com"]},{"role":"roles/containerregistry.ServiceAgent","members":["serviceAccount:service-109773731445@containerregistry.iam.gserviceaccount.com"]},{"role":"roles/developerconnect.readTokenAccessor","members":["serviceAccount:firebase-app-hosting-compute@toknxr-mvp.iam.gserviceaccount.com"]},{"role":"roles/editor","members":["serviceAccount:109773731445-compute@developer.gserviceaccount.com","serviceAccount:toknxr-mvp@appspot.gserviceaccount.com"]},{"role":"roles/firebase.managementServiceAgent","members":["serviceAccount:service-109773731445@gcp-sa-firebase.iam.gserviceaccount.com"]},{"role":"roles/firebase.sdkAdminServiceAgent","members":["serviceAccount:firebase-adminsdk-fbsvc@toknxr-mvp.iam.gserviceaccount.com","serviceAccount:firebase-app-hosting-compute@toknxr-mvp.iam.gserviceaccount.com"]},{"role":"roles/firebaseappcheck.admin","members":["serviceAccount:firebase-adminsdk-fbsvc@toknxr-mvp.iam.gserviceaccount.com"]},{"role":"roles/firebaseapphosting.computeRunner","members":["serviceAccount:firebase-app-hosting-compute@toknxr-mvp.iam.gserviceaccount.com"]},{"role":"roles/firebaseapphosting.serviceAgent","members":["serviceAccount:service-109773731445@gcp-sa-firebaseapphosting.iam.gserviceaccount.com"]},{"role":"roles/firebaseauth.admin","members":["serviceAccount:firebase-adminsdk-fbsvc@toknxr-mvp.iam.gserviceaccount.com"]},{"role":"roles/firebasedataconnect.serviceAgent","members":["serviceAccount:service-109773731445@gcp-sa-firebasedataconnect.iam.gserviceaccount.com"]},{"role":"roles/firebaserules.system","members":["serviceAccount:service-109773731445@firebase-rules.iam.gserviceaccount.com"]},{"role":"roles/firestore.serviceAgent","members":["serviceAccount:service-109773731445@gcp-sa-firestore.iam.gserviceaccount.com"]},{"role":"roles/iam.serviceAccountTokenCreator","members":["serviceAccount:firebase-adminsdk-fbsvc@toknxr-mvp.iam.gserviceaccount.com"]},{"role":"roles/owner","members":["user:autreyj2793@gmail.com"]},{"role":"roles/run.serviceAgent","members":["serviceAccount:service-109773731445@serverless-robot-prod.iam.gserviceaccount.com"]},{"role":"roles/storage.objectViewer","members":["serviceAccount:firebase-app-hosting-compute@toknxr-mvp.iam.gserviceaccount.com"]}]}
[debug] [2025-10-03T21:57:00.738Z] Checked if tokens are valid: true, expires at: 1759530771070
[debug] [2025-10-03T21:57:00.738Z] Checked if tokens are valid: true, expires at: 1759530771070
[debug] [2025-10-03T21:57:00.738Z] >>> [apiv2][query] POST https://cloudresourcemanager.googleapis.com/v1/projects/toknxr-mvp:setIamPolicy [none]
[debug] [2025-10-03T21:57:00.738Z] >>> [apiv2][body] POST https://cloudresourcemanager.googleapis.com/v1/projects/toknxr-mvp:setIamPolicy {"policy":{"version":1,"etag":"BwZASCvijrg=","bindings":[{"role":"roles/cloudaicompanion.serviceAgent","members":["serviceAccount:service-109773731445@gcp-sa-cloudaicompanion.iam.gserviceaccount.com"]},{"role":"roles/cloudbuild.builds.builder","members":["serviceAccount:109773731445@cloudbuild.gserviceaccount.com"]},{"role":"roles/cloudbuild.serviceAgent","members":["serviceAccount:service-109773731445@gcp-sa-cloudbuild.iam.gserviceaccount.com"]},{"role":"roles/cloudfunctions.serviceAgent","members":["serviceAccount:service-109773731445@gcf-admin-robot.iam.gserviceaccount.com"]},{"role":"roles/containerregistry.ServiceAgent","members":["serviceAccount:service-109773731445@containerregistry.iam.gserviceaccount.com"]},{"role":"roles/developerconnect.readTokenAccessor","members":["serviceAccount:firebase-app-hosting-compute@toknxr-mvp.iam.gserviceaccount.com"]},{"role":"roles/editor","members":["serviceAccount:109773731445-compute@developer.gserviceaccount.com","serviceAccount:toknxr-mvp@appspot.gserviceaccount.com"]},{"role":"roles/firebase.managementServiceAgent","members":["serviceAccount:service-109773731445@gcp-sa-firebase.iam.gserviceaccount.com"]},{"role":"roles/firebase.sdkAdminServiceAgent","members":["serviceAccount:firebase-adminsdk-fbsvc@toknxr-mvp.iam.gserviceaccount.com","serviceAccount:firebase-app-hosting-compute@toknxr-mvp.iam.gserviceaccount.com"]},{"role":"roles/firebaseappcheck.admin","members":["serviceAccount:firebase-adminsdk-fbsvc@toknxr-mvp.iam.gserviceaccount.com"]},{"role":"roles/firebaseapphosting.computeRunner","members":["serviceAccount:firebase-app-hosting-compute@toknxr-mvp.iam.gserviceaccount.com"]},{"role":"roles/firebaseapphosting.serviceAgent","members":["serviceAccount:service-109773731445@gcp-sa-firebaseapphosting.iam.gserviceaccount.com"]},{"role":"roles/firebaseauth.admin","members":["serviceAccount:firebase-adminsdk-fbsvc@toknxr-mvp.iam.gserviceaccount.com"]},{"role":"roles/firebasedataconnect.serviceAgent","members":["serviceAccount:service-109773731445@gcp-sa-firebasedataconnect.iam.gserviceaccount.com"]},{"role":"roles/firebaserules.system","members":["serviceAccount:service-109773731445@firebase-rules.iam.gserviceaccount.com"]},{"role":"roles/firestore.serviceAgent","members":["serviceAccount:service-109773731445@gcp-sa-firestore.iam.gserviceaccount.com"]},{"role":"roles/iam.serviceAccountTokenCreator","members":["serviceAccount:firebase-adminsdk-fbsvc@toknxr-mvp.iam.gserviceaccount.com"]},{"role":"roles/owner","members":["user:autreyj2793@gmail.com"]},{"role":"roles/run.serviceAgent","members":["serviceAccount:service-109773731445@serverless-robot-prod.iam.gserviceaccount.com"]},{"role":"roles/storage.objectViewer","members":["serviceAccount:firebase-app-hosting-compute@toknxr-mvp.iam.gserviceaccount.com"]}]},"updateMask":"bindings"}
[debug] [2025-10-03T21:57:01.744Z] <<< [apiv2][status] POST https://cloudresourcemanager.googleapis.com/v1/projects/toknxr-mvp:setIamPolicy 200
[debug] [2025-10-03T21:57:01.744Z] <<< [apiv2][body] POST https://cloudresourcemanager.googleapis.com/v1/projects/toknxr-mvp:setIamPolicy {"version":1,"etag":"BwZASC54Y2c=","bindings":[{"role":"roles/cloudaicompanion.serviceAgent","members":["serviceAccount:service-109773731445@gcp-sa-cloudaicompanion.iam.gserviceaccount.com"]},{"role":"roles/cloudbuild.builds.builder","members":["serviceAccount:109773731445@cloudbuild.gserviceaccount.com"]},{"role":"roles/cloudbuild.serviceAgent","members":["serviceAccount:service-109773731445@gcp-sa-cloudbuild.iam.gserviceaccount.com"]},{"role":"roles/cloudfunctions.serviceAgent","members":["serviceAccount:service-109773731445@gcf-admin-robot.iam.gserviceaccount.com"]},{"role":"roles/containerregistry.ServiceAgent","members":["serviceAccount:service-109773731445@containerregistry.iam.gserviceaccount.com"]},{"role":"roles/developerconnect.readTokenAccessor","members":["serviceAccount:firebase-app-hosting-compute@toknxr-mvp.iam.gserviceaccount.com"]},{"role":"roles/editor","members":["serviceAccount:109773731445-compute@developer.gserviceaccount.com","serviceAccount:toknxr-mvp@appspot.gserviceaccount.com"]},{"role":"roles/firebase.managementServiceAgent","members":["serviceAccount:service-109773731445@gcp-sa-firebase.iam.gserviceaccount.com"]},{"role":"roles/firebase.sdkAdminServiceAgent","members":["serviceAccount:firebase-adminsdk-fbsvc@toknxr-mvp.iam.gserviceaccount.com","serviceAccount:firebase-app-hosting-compute@toknxr-mvp.iam.gserviceaccount.com"]},{"role":"roles/firebaseappcheck.admin","members":["serviceAccount:firebase-adminsdk-fbsvc@toknxr-mvp.iam.gserviceaccount.com"]},{"role":"roles/firebaseapphosting.computeRunner","members":["serviceAccount:firebase-app-hosting-compute@toknxr-mvp.iam.gserviceaccount.com"]},{"role":"roles/firebaseapphosting.serviceAgent","members":["serviceAccount:service-109773731445@gcp-sa-firebaseapphosting.iam.gserviceaccount.com"]},{"role":"roles/firebaseauth.admin","members":["serviceAccount:firebase-adminsdk-fbsvc@toknxr-mvp.iam.gserviceaccount.com"]},{"role":"roles/firebasedataconnect.serviceAgent","members":["serviceAccount:service-109773731445@gcp-sa-firebasedataconnect.iam.gserviceaccount.com"]},{"role":"roles/firebaserules.system","members":["serviceAccount:service-109773731445@firebase-rules.iam.gserviceaccount.com"]},{"role":"roles/firestore.serviceAgent","members":["serviceAccount:service-109773731445@gcp-sa-firestore.iam.gserviceaccount.com"]},{"role":"roles/iam.serviceAccountTokenCreator","members":["serviceAccount:firebase-adminsdk-fbsvc@toknxr-mvp.iam.gserviceaccount.com"]},{"role":"roles/owner","members":["user:autreyj2793@gmail.com"]},{"role":"roles/run.serviceAgent","members":["serviceAccount:service-109773731445@serverless-robot-prod.iam.gserviceaccount.com"]},{"role":"roles/storage.objectViewer","members":["serviceAccount:firebase-app-hosting-compute@toknxr-mvp.iam.gserviceaccount.com"]}]}
[info] i  This command links your local project to Firebase App Hosting. You will be able to deploy your web app with `firebase deploy` after setup. 
[info] i  === Set up your backend 
[debug] [2025-10-03T21:57:03.199Z] Checked if tokens are valid: true, expires at: 1759530771070
[debug] [2025-10-03T21:57:03.199Z] Checked if tokens are valid: true, expires at: 1759530771070
[debug] [2025-10-03T21:57:03.199Z] >>> [apiv2][query] GET https://firebaseapphosting.googleapis.com/v1beta/projects/toknxr-mvp/locations 
[debug] [2025-10-03T21:57:03.421Z] <<< [apiv2][status] GET https://firebaseapphosting.googleapis.com/v1beta/projects/toknxr-mvp/locations 200
[debug] [2025-10-03T21:57:03.421Z] <<< [apiv2][body] GET https://firebaseapphosting.googleapis.com/v1beta/projects/toknxr-mvp/locations {"locations":[{"name":"projects/toknxr-mvp/locations/asia-east1","locationId":"asia-east1","displayName":"Taiwan"},{"name":"projects/toknxr-mvp/locations/asia-southeast1","locationId":"asia-southeast1","displayName":"Singapore"},{"name":"projects/toknxr-mvp/locations/europe-west4","locationId":"europe-west4","displayName":"Netherlands"},{"name":"projects/toknxr-mvp/locations/us-central1","locationId":"us-central1","displayName":"Iowa"},{"name":"projects/toknxr-mvp/locations/us-east4","locationId":"us-east4","displayName":"Northern Virginia"},{"name":"projects/toknxr-mvp/locations/us-east5","locationId":"us-east5","displayName":"Columbus"}]}
[info] ✔  Location set to us-east5.
 
[debug] [2025-10-03T21:57:12.536Z] Checked if tokens are valid: true, expires at: 1759530771070
[debug] [2025-10-03T21:57:12.537Z] Checked if tokens are valid: true, expires at: 1759530771070
[debug] [2025-10-03T21:57:12.537Z] >>> [apiv2][query] GET https://firebaseapphosting.googleapis.com/v1beta/projects/toknxr-mvp/locations/us-east5/backends/toknxr [none]
[debug] [2025-10-03T21:57:12.724Z] <<< [apiv2][status] GET https://firebaseapphosting.googleapis.com/v1beta/projects/toknxr-mvp/locations/us-east5/backends/toknxr 404
[debug] [2025-10-03T21:57:12.725Z] <<< [apiv2][body] GET https://firebaseapphosting.googleapis.com/v1beta/projects/toknxr-mvp/locations/us-east5/backends/toknxr {"error":{"code":404,"message":"Resource 'projects/toknxr-mvp/locations/us-east5/backends/toknxr' was not found","status":"NOT_FOUND","details":[{"@type":"type.googleapis.com/google.rpc.ResourceInfo","resourceName":"projects/toknxr-mvp/locations/us-east5/backends/toknxr"}]}}
[info] ✔  Name set to toknxr
 
[debug] [2025-10-03T21:57:12.726Z] Checked if tokens are valid: true, expires at: 1759530771070
[debug] [2025-10-03T21:57:12.726Z] Checked if tokens are valid: true, expires at: 1759530771070
[debug] [2025-10-03T21:57:12.727Z] >>> [apiv2][query] GET https://firebase.googleapis.com/v1beta1/projects/toknxr-mvp/webApps pageSize=100
[debug] [2025-10-03T21:57:12.878Z] <<< [apiv2][status] GET https://firebase.googleapis.com/v1beta1/projects/toknxr-mvp/webApps 200
[debug] [2025-10-03T21:57:12.879Z] <<< [apiv2][body] GET https://firebase.googleapis.com/v1beta1/projects/toknxr-mvp/webApps {"apps":[{"name":"projects/toknxr-mvp/webApps/1:109773731445:web:18c0404ca15d4cb3dd6a3c","appId":"1:109773731445:web:18c0404ca15d4cb3dd6a3c","displayName":"ToknXR_1","projectId":"toknxr-mvp","webId":"ZWUyMjdlYzQtMTNmOC00ZmI0LWI2MGEtNWJhMjI1Mzk5ZWU5","apiKeyId":"7f515fcb-1a3e-498f-9d3f-ec7373b2ff8d","state":"ACTIVE","expireTime":"1970-01-01T00:00:00Z","etag":"1_d4490b0a-bb23-492c-9ad3-e84cd5600dee"},{"name":"projects/toknxr-mvp/webApps/1:109773731445:web:c8b7abe07fb78054dd6a3c","appId":"1:109773731445:web:c8b7abe07fb78054dd6a3c","displayName":"ToknXR","projectId":"toknxr-mvp","webId":"MjM3ZWRkYzAtYWY2Zi00NjIxLTg0ODgtZTJhODgwYTRiMTNk","apiKeyId":"7f515fcb-1a3e-498f-9d3f-ec7373b2ff8d","state":"ACTIVE","expireTime":"1970-01-01T00:00:00Z","etag":"1_554c2735-a431-47da-aa53-1ccbf441f9de"}]}
[debug] [2025-10-03T21:57:12.879Z] Checked if tokens are valid: true, expires at: 1759530771070
[debug] [2025-10-03T21:57:12.879Z] Checked if tokens are valid: true, expires at: 1759530771070
[debug] [2025-10-03T21:57:12.880Z] >>> [apiv2][query] GET https://firebase.googleapis.com/v1beta1/projects/toknxr-mvp/webApps pageSize=100
[debug] [2025-10-03T21:57:12.989Z] <<< [apiv2][status] GET https://firebase.googleapis.com/v1beta1/projects/toknxr-mvp/webApps 200
[debug] [2025-10-03T21:57:12.989Z] <<< [apiv2][body] GET https://firebase.googleapis.com/v1beta1/projects/toknxr-mvp/webApps {"apps":[{"name":"projects/toknxr-mvp/webApps/1:109773731445:web:18c0404ca15d4cb3dd6a3c","appId":"1:109773731445:web:18c0404ca15d4cb3dd6a3c","displayName":"ToknXR_1","projectId":"toknxr-mvp","webId":"ZWUyMjdlYzQtMTNmOC00ZmI0LWI2MGEtNWJhMjI1Mzk5ZWU5","apiKeyId":"7f515fcb-1a3e-498f-9d3f-ec7373b2ff8d","state":"ACTIVE","expireTime":"1970-01-01T00:00:00Z","etag":"1_d4490b0a-bb23-492c-9ad3-e84cd5600dee"},{"name":"projects/toknxr-mvp/webApps/1:109773731445:web:c8b7abe07fb78054dd6a3c","appId":"1:109773731445:web:c8b7abe07fb78054dd6a3c","displayName":"ToknXR","projectId":"toknxr-mvp","webId":"MjM3ZWRkYzAtYWY2Zi00NjIxLTg0ODgtZTJhODgwYTRiMTNk","apiKeyId":"7f515fcb-1a3e-498f-9d3f-ec7373b2ff8d","state":"ACTIVE","expireTime":"1970-01-01T00:00:00Z","etag":"1_554c2735-a431-47da-aa53-1ccbf441f9de"}]}
[debug] [2025-10-03T21:57:12.991Z] Checked if tokens are valid: true, expires at: 1759530771070
[debug] [2025-10-03T21:57:12.991Z] Checked if tokens are valid: true, expires at: 1759530771070
[debug] [2025-10-03T21:57:12.991Z] >>> [apiv2][query] POST https://firebase.googleapis.com/v1beta1/projects/toknxr-mvp/webApps [none]
[debug] [2025-10-03T21:57:12.992Z] >>> [apiv2][body] POST https://firebase.googleapis.com/v1beta1/projects/toknxr-mvp/webApps {"displayName":"toknxr"}
[debug] [2025-10-03T21:57:13.430Z] <<< [apiv2][status] POST https://firebase.googleapis.com/v1beta1/projects/toknxr-mvp/webApps 200
[debug] [2025-10-03T21:57:13.430Z] <<< [apiv2][body] POST https://firebase.googleapis.com/v1beta1/projects/toknxr-mvp/webApps {"name":"operations/workflows/ZWU5NGE0N2MtMjNhZi00OTcxLWI0YjEtY2U4Yzg4NDNhNTY4"}
[debug] [2025-10-03T21:57:13.431Z] Checked if tokens are valid: true, expires at: 1759530771070
[debug] [2025-10-03T21:57:13.432Z] Checked if tokens are valid: true, expires at: 1759530771070
[debug] [2025-10-03T21:57:13.432Z] >>> [apiv2][query] GET https://firebase.googleapis.com/v1beta1/operations/workflows/ZWU5NGE0N2MtMjNhZi00OTcxLWI0YjEtY2U4Yzg4NDNhNTY4 [none]
[debug] [2025-10-03T21:57:13.648Z] <<< [apiv2][status] GET https://firebase.googleapis.com/v1beta1/operations/workflows/ZWU5NGE0N2MtMjNhZi00OTcxLWI0YjEtY2U4Yzg4NDNhNTY4 200
[debug] [2025-10-03T21:57:13.648Z] <<< [apiv2][body] GET https://firebase.googleapis.com/v1beta1/operations/workflows/ZWU5NGE0N2MtMjNhZi00OTcxLWI0YjEtY2U4Yzg4NDNhNTY4 {"name":"operations/workflows/ZWU5NGE0N2MtMjNhZi00OTcxLWI0YjEtY2U4Yzg4NDNhNTY4"}
[debug] [2025-10-03T21:57:14.150Z] [Create Web app Poller] Retrying task index 0
[debug] [2025-10-03T21:57:14.150Z] Checked if tokens are valid: true, expires at: 1759530771070
[debug] [2025-10-03T21:57:14.150Z] Checked if tokens are valid: true, expires at: 1759530771070
[debug] [2025-10-03T21:57:14.151Z] >>> [apiv2][query] GET https://firebase.googleapis.com/v1beta1/operations/workflows/ZWU5NGE0N2MtMjNhZi00OTcxLWI0YjEtY2U4Yzg4NDNhNTY4 [none]
[debug] [2025-10-03T21:57:14.282Z] <<< [apiv2][status] GET https://firebase.googleapis.com/v1beta1/operations/workflows/ZWU5NGE0N2MtMjNhZi00OTcxLWI0YjEtY2U4Yzg4NDNhNTY4 200
[debug] [2025-10-03T21:57:14.283Z] <<< [apiv2][body] GET https://firebase.googleapis.com/v1beta1/operations/workflows/ZWU5NGE0N2MtMjNhZi00OTcxLWI0YjEtY2U4Yzg4NDNhNTY4 {"name":"operations/workflows/ZWU5NGE0N2MtMjNhZi00OTcxLWI0YjEtY2U4Yzg4NDNhNTY4"}
[debug] [2025-10-03T21:57:15.284Z] [Create Web app Poller] Retrying task index 0
[debug] [2025-10-03T21:57:15.285Z] Checked if tokens are valid: true, expires at: 1759530771070
[debug] [2025-10-03T21:57:15.285Z] Checked if tokens are valid: true, expires at: 1759530771070
[debug] [2025-10-03T21:57:15.285Z] >>> [apiv2][query] GET https://firebase.googleapis.com/v1beta1/operations/workflows/ZWU5NGE0N2MtMjNhZi00OTcxLWI0YjEtY2U4Yzg4NDNhNTY4 [none]
[debug] [2025-10-03T21:57:15.434Z] <<< [apiv2][status] GET https://firebase.googleapis.com/v1beta1/operations/workflows/ZWU5NGE0N2MtMjNhZi00OTcxLWI0YjEtY2U4Yzg4NDNhNTY4 200
[debug] [2025-10-03T21:57:15.435Z] <<< [apiv2][body] GET https://firebase.googleapis.com/v1beta1/operations/workflows/ZWU5NGE0N2MtMjNhZi00OTcxLWI0YjEtY2U4Yzg4NDNhNTY4 {"name":"operations/workflows/ZWU5NGE0N2MtMjNhZi00OTcxLWI0YjEtY2U4Yzg4NDNhNTY4"}
[debug] [2025-10-03T21:57:17.437Z] [Create Web app Poller] Retrying task index 0
[debug] [2025-10-03T21:57:17.438Z] Checked if tokens are valid: true, expires at: 1759530771070
[debug] [2025-10-03T21:57:17.438Z] Checked if tokens are valid: true, expires at: 1759530771070
[debug] [2025-10-03T21:57:17.439Z] >>> [apiv2][query] GET https://firebase.googleapis.com/v1beta1/operations/workflows/ZWU5NGE0N2MtMjNhZi00OTcxLWI0YjEtY2U4Yzg4NDNhNTY4 [none]
[debug] [2025-10-03T21:57:17.626Z] <<< [apiv2][status] GET https://firebase.googleapis.com/v1beta1/operations/workflows/ZWU5NGE0N2MtMjNhZi00OTcxLWI0YjEtY2U4Yzg4NDNhNTY4 200
[debug] [2025-10-03T21:57:17.626Z] <<< [apiv2][body] GET https://firebase.googleapis.com/v1beta1/operations/workflows/ZWU5NGE0N2MtMjNhZi00OTcxLWI0YjEtY2U4Yzg4NDNhNTY4 {"name":"operations/workflows/ZWU5NGE0N2MtMjNhZi00OTcxLWI0YjEtY2U4Yzg4NDNhNTY4","done":true,"response":{"@type":"type.googleapis.com/google.firebase.service.v1beta1.WebApp","name":"projects/toknxr-mvp/webApps/1:109773731445:web:a802ed5a2e8767efdd6a3c","appId":"1:109773731445:web:a802ed5a2e8767efdd6a3c","displayName":"toknxr","projectId":"toknxr-mvp","webId":"NTNlODA3MWEtMDc3OC00YWU5LWE1MTUtODQ3Y2M1ZGIzOWRh","apiKeyId":"7f515fcb-1a3e-498f-9d3f-ec7373b2ff8d","state":"ACTIVE","expireTime":"1970-01-01T00:00:00Z","etag":"1_b5a97163-68c6-4d81-afae-b09f134f42b9"}}
[info] ✔  Created a new Firebase web app named "toknxr" 
[debug] [2025-10-03T21:57:17.632Z] Checked if tokens are valid: true, expires at: 1759530771070
[debug] [2025-10-03T21:57:17.632Z] Checked if tokens are valid: true, expires at: 1759530771070
[debug] [2025-10-03T21:57:17.632Z] >>> [apiv2][query] POST https://firebaseapphosting.googleapis.com/v1beta/projects/toknxr-mvp/locations/us-east5/backends backendId=toknxr
[debug] [2025-10-03T21:57:17.632Z] >>> [apiv2][body] POST https://firebaseapphosting.googleapis.com/v1beta/projects/toknxr-mvp/locations/us-east5/backends {"servingLocality":"GLOBAL_ACCESS","labels":{"deployment-tool":"cli-firebase"},"serviceAccount":"firebase-app-hosting-compute@toknxr-mvp.iam.gserviceaccount.com","appId":"1:109773731445:web:a802ed5a2e8767efdd6a3c"}
[debug] [2025-10-03T21:57:18.810Z] <<< [apiv2][status] POST https://firebaseapphosting.googleapis.com/v1beta/projects/toknxr-mvp/locations/us-east5/backends 200
[debug] [2025-10-03T21:57:18.810Z] <<< [apiv2][body] POST https://firebaseapphosting.googleapis.com/v1beta/projects/toknxr-mvp/locations/us-east5/backends {"name":"projects/toknxr-mvp/locations/us-east5/operations/operation-1759528637728-640482f6c88be-c21623a7-c4096b6b","metadata":{"@type":"type.googleapis.com/google.firebase.apphosting.v1beta.OperationMetadata","createTime":"2025-10-03T21:57:18.807683927Z","target":"projects/toknxr-mvp/locations/us-east5/backends/toknxr","verb":"create","requestedCancellation":false,"apiVersion":"v1beta"},"done":false}
[debug] [2025-10-03T21:57:18.811Z] Checked if tokens are valid: true, expires at: 1759530771070
[debug] [2025-10-03T21:57:18.811Z] Checked if tokens are valid: true, expires at: 1759530771070
[debug] [2025-10-03T21:57:18.811Z] >>> [apiv2][query] GET https://firebaseapphosting.googleapis.com/v1beta/projects/toknxr-mvp/locations/us-east5/operations/operation-1759528637728-640482f6c88be-c21623a7-c4096b6b [none]
[debug] [2025-10-03T21:57:18.882Z] <<< [apiv2][status] GET https://firebaseapphosting.googleapis.com/v1beta/projects/toknxr-mvp/locations/us-east5/operations/operation-1759528637728-640482f6c88be-c21623a7-c4096b6b 200
[debug] [2025-10-03T21:57:18.882Z] <<< [apiv2][body] GET https://firebaseapphosting.googleapis.com/v1beta/projects/toknxr-mvp/locations/us-east5/operations/operation-1759528637728-640482f6c88be-c21623a7-c4096b6b {"name":"projects/toknxr-mvp/locations/us-east5/operations/operation-1759528637728-640482f6c88be-c21623a7-c4096b6b","metadata":{"@type":"type.googleapis.com/google.firebase.apphosting.v1beta.OperationMetadata","createTime":"2025-10-03T21:57:18.807683927Z","target":"projects/toknxr-mvp/locations/us-east5/backends/toknxr","verb":"create","requestedCancellation":false,"apiVersion":"v1beta"},"done":false}
[debug] [2025-10-03T21:57:19.383Z] [create-toknxr-mvp-us-east5-toknxr] Retrying task index 0
[debug] [2025-10-03T21:57:19.384Z] Checked if tokens are valid: true, expires at: 1759530771070
[debug] [2025-10-03T21:57:19.384Z] Checked if tokens are valid: true, expires at: 1759530771070
[debug] [2025-10-03T21:57:19.384Z] >>> [apiv2][query] GET https://firebaseapphosting.googleapis.com/v1beta/projects/toknxr-mvp/locations/us-east5/operations/operation-1759528637728-640482f6c88be-c21623a7-c4096b6b [none]
[debug] [2025-10-03T21:57:19.443Z] <<< [apiv2][status] GET https://firebaseapphosting.googleapis.com/v1beta/projects/toknxr-mvp/locations/us-east5/operations/operation-1759528637728-640482f6c88be-c21623a7-c4096b6b 200
[debug] [2025-10-03T21:57:19.443Z] <<< [apiv2][body] GET https://firebaseapphosting.googleapis.com/v1beta/projects/toknxr-mvp/locations/us-east5/operations/operation-1759528637728-640482f6c88be-c21623a7-c4096b6b {"name":"projects/toknxr-mvp/locations/us-east5/operations/operation-1759528637728-640482f6c88be-c21623a7-c4096b6b","metadata":{"@type":"type.googleapis.com/google.firebase.apphosting.v1beta.OperationMetadata","createTime":"2025-10-03T21:57:18.807683927Z","endTime":"2025-10-03T21:57:19.135981114Z","target":"projects/toknxr-mvp/locations/us-east5/backends/toknxr","verb":"create","requestedCancellation":false,"apiVersion":"v1beta"},"done":true,"response":{"@type":"type.googleapis.com/google.firebase.apphosting.v1beta.Backend","name":"projects/toknxr-mvp/locations/us-east5/backends/toknxr","createTime":"2025-10-03T21:57:18.803013168Z","updateTime":"2025-10-03T21:57:19.132035Z","labels":{"deployment-tool":"cli-firebase"},"uri":"toknxr--toknxr-mvp.us-east5.hosted.app","uid":"4e2aeb0c-825b-40dd-9f2a-9cf2f409321b","etag":"Nko-rFiiX1zEWmsl6GYvXUHBdOdlGwso_LAUorF3ftM","reconciling":false,"servingLocality":"GLOBAL_ACCESS","serviceAccount":"firebase-app-hosting-compute@toknxr-mvp.iam.gserviceaccount.com","appId":"1:109773731445:web:a802ed5a2e8767efdd6a3c"}}
[info] i  === Deploy local source setup 
[info] ✔  Wrote configuration info to firebase.json 
[info] i  Writing default settings to apphosting.yaml... 
[debug] [2025-10-03T22:01:04.585Z] Error: Timed out.
    at Timeout._onTimeout (/opt/homebrew/lib/node_modules/firebase-tools/lib/utils.js:275:49)
    at listOnTimeout (node:internal/timers:608:17)
    at process.processTimers (node:internal/timers:543:7)
[error] 
[error] Error: An unexpected error has occurred.
